update-alternatives 2021-10-27 20:55:13: run with --quiet --remove rsh /usr/bin/ssh
update-alternatives 2021-10-27 20:55:13: link group rsh fully removed
update-alternatives 2021-10-27 20:55:13: run with --quiet --remove rlogin /usr/bin/slogin
update-alternatives 2021-10-27 20:55:13: link group rlogin fully removed
update-alternatives 2021-10-27 20:55:13: run with --quiet --remove rcp /usr/bin/scp
update-alternatives 2021-10-27 20:55:13: link group rcp fully removed
update-alternatives 2021-10-27 20:55:48: run with --quiet --install /usr/bin/rsh rsh /usr/bin/ssh 20 --slave /usr/share/man/man1/rsh.1.gz rsh.1.gz /usr/share/man/man1/ssh.1.gz
update-alternatives 2021-10-27 20:55:48: link group rsh updated to point to /usr/bin/ssh
update-alternatives 2021-10-27 20:55:48: run with --quiet --install /usr/bin/rlogin rlogin /usr/bin/slogin 20 --slave /usr/share/man/man1/rlogin.1.gz rlogin.1.gz /usr/share/man/man1/slogin.1.gz
update-alternatives 2021-10-27 20:55:48: link group rlogin updated to point to /usr/bin/slogin
update-alternatives 2021-10-27 20:55:48: run with --quiet --install /usr/bin/rcp rcp /usr/bin/scp 20 --slave /usr/share/man/man1/rcp.1.gz rcp.1.gz /usr/share/man/man1/scp.1.gz
update-alternatives 2021-10-27 20:55:48: link group rcp updated to point to /usr/bin/scp
update-alternatives 2021-10-28 00:08:57: run with --quiet --remove rsh /usr/bin/ssh
update-alternatives 2021-10-28 00:08:57: link group rsh fully removed
update-alternatives 2021-10-28 00:08:57: run with --quiet --remove rlogin /usr/bin/slogin
update-alternatives 2021-10-28 00:08:57: link group rlogin fully removed
update-alternatives 2021-10-28 00:08:57: run with --quiet --remove rcp /usr/bin/scp
update-alternatives 2021-10-28 00:08:57: link group rcp fully removed
update-alternatives 2021-10-28 00:09:50: run with --quiet --install /usr/bin/rsh rsh /usr/bin/ssh 20 --slave /usr/share/man/man1/rsh.1.gz rsh.1.gz /usr/share/man/man1/ssh.1.gz
update-alternatives 2021-10-28 00:09:50: link group rsh updated to point to /usr/bin/ssh
update-alternatives 2021-10-28 00:09:50: run with --quiet --install /usr/bin/rlogin rlogin /usr/bin/slogin 20 --slave /usr/share/man/man1/rlogin.1.gz rlogin.1.gz /usr/share/man/man1/slogin.1.gz
update-alternatives 2021-10-28 00:09:50: link group rlogin updated to point to /usr/bin/slogin
update-alternatives 2021-10-28 00:09:50: run with --quiet --install /usr/bin/rcp rcp /usr/bin/scp 20 --slave /usr/share/man/man1/rcp.1.gz rcp.1.gz /usr/share/man/man1/scp.1.gz
update-alternatives 2021-10-28 00:09:50: link group rcp updated to point to /usr/bin/scp
update-alternatives 2021-10-28 01:25:21: run with --install /usr/bin/editor editor /bin/nano 40 --slave /usr/share/man/man1/editor.1.gz editor.1.gz /usr/share/man/man1/nano.1.gz
update-alternatives 2021-10-28 01:25:21: link group editor updated to point to /bin/nano
update-alternatives 2021-10-28 01:25:21: run with --install /usr/bin/pico pico /bin/nano 10 --slave /usr/share/man/man1/pico.1.gz pico.1.gz /usr/share/man/man1/nano.1.gz
update-alternatives 2021-10-28 01:25:21: link group pico updated to point to /bin/nano
update-alternatives 2021-10-28 08:35:39: run with --remove editor /bin/nano
update-alternatives 2021-10-28 08:35:39: link group editor updated to point to /usr/bin/vim.basic
update-alternatives 2021-10-28 08:35:39: run with --remove pico /bin/nano
update-alternatives 2021-10-28 08:35:39: link group pico fully removed
update-alternatives 2021-10-28 16:43:25: run with --install /etc/mysql/my.cnf my.cnf /etc/mysql/my.cnf.fallback 100
update-alternatives 2021-10-28 16:43:25: link group my.cnf updated to point to /etc/mysql/my.cnf.fallback
update-alternatives 2021-10-28 16:43:25: run with --install /etc/mysql/my.cnf my.cnf /etc/mysql/mariadb.cnf 200
update-alternatives 2021-10-28 16:43:25: link group my.cnf updated to point to /etc/mysql/mariadb.cnf
update-alternatives 2021-10-28 16:43:27: run with --quiet --install /usr/bin/awk awk /usr/bin/gawk 10 --slave /usr/share/man/man1/awk.1.gz awk.1.gz /usr/share/man/man1/gawk.1.gz --slave /usr/bin/nawk nawk /usr/bin/gawk --slave /usr/share/man/man1/nawk.1.gz nawk.1.gz /usr/share/man/man1/gawk.1.gz
update-alternatives 2021-10-28 16:43:27: link group awk updated to point to /usr/bin/gawk
update-alternatives 2021-10-28 16:44:04: run with --install /usr/bin/php php /usr/bin/php7.3 73 --slave /usr/share/man/man1/php.1.gz php.1.gz /usr/share/man/man1/php7.3.1.gz
update-alternatives 2021-10-28 16:44:04: link group php updated to point to /usr/bin/php7.3
update-alternatives 2021-10-28 16:44:04: run with --install /usr/bin/phar phar /usr/bin/phar7.3 73 --slave /usr/share/man/man1/phar.1.gz phar.1.gz /usr/share/man/man1/phar7.3.1.gz
update-alternatives 2021-10-28 16:44:04: link group phar updated to point to /usr/bin/phar7.3
update-alternatives 2021-10-28 16:44:04: run with --install /usr/bin/phar.phar phar.phar /usr/bin/phar.phar7.3 73 --slave /usr/share/man/man1/phar.phar.1.gz phar.phar.1.gz /usr/share/man/man1/phar.phar7.3.1.gz
update-alternatives 2021-10-28 16:44:04: link group phar.phar updated to point to /usr/bin/phar.phar7.3
update-alternatives 2021-10-29 00:52:35: run with --install /usr/bin/frm frm /usr/bin/frm.mailutils 20 --slave /usr/share/man/man1/frm.1.gz frm.1.gz /usr/share/man/man1/frm.mailutils.1.gz
update-alternatives 2021-10-29 00:52:35: link group frm updated to point to /usr/bin/frm.mailutils
update-alternatives 2021-10-29 00:52:35: run with --install /usr/bin/from from /usr/bin/from.mailutils 20 --slave /usr/share/man/man1/from.1.gz from.1.gz /usr/share/man/man1/from.mailutils.1.gz
update-alternatives 2021-10-29 00:52:35: link group from updated to point to /usr/bin/from.mailutils
update-alternatives 2021-10-29 00:52:35: run with --install /usr/bin/messages messages /usr/bin/messages.mailutils 20 --slave /usr/share/man/man1/messages.1.gz messages.1.gz /usr/share/man/man1/messages.mailutils.1.gz
update-alternatives 2021-10-29 00:52:35: link group messages updated to point to /usr/bin/messages.mailutils
update-alternatives 2021-10-29 00:52:35: run with --install /usr/bin/movemail movemail /usr/bin/movemail.mailutils 20 --slave /usr/share/man/man1/movemail.1.gz movemail.1.gz /usr/share/man/man1/movemail.mailutils.1.gz
update-alternatives 2021-10-29 00:52:35: link group movemail updated to point to /usr/bin/movemail.mailutils
update-alternatives 2021-10-29 00:52:35: run with --install /usr/bin/readmsg readmsg /usr/bin/readmsg.mailutils 20 --slave /usr/share/man/man1/readmsg.1.gz readmsg.1.gz /usr/share/man/man1/readmsg.mailutils.1.gz
update-alternatives 2021-10-29 00:52:35: link group readmsg updated to point to /usr/bin/readmsg.mailutils
update-alternatives 2021-10-29 00:52:35: run with --install /usr/bin/dotlock dotlock /usr/bin/dotlock.mailutils 4 --slave /usr/share/man/man1/dotlock.1.gz dotlock.1.gz /usr/share/man/man1/dotlock.mailutils.1.gz
update-alternatives 2021-10-29 00:52:35: link group dotlock updated to point to /usr/bin/dotlock.mailutils
update-alternatives 2021-10-29 00:52:35: run with --install /usr/bin/mailx mailx /usr/bin/mail.mailutils 30 --slave /usr/share/man/man1/mailx.1.gz mailx.1.gz /usr/share/man/man1/mail.mailutils.1.gz --slave /usr/bin/mail mail /usr/bin/mail.mailutils --slave /usr/share/man/man1/mail.1.gz mail.1.gz /usr/share/man/man1/mail.mailutils.1.gz
update-alternatives 2021-10-29 00:52:35: link group mailx updated to point to /usr/bin/mail.mailutils
